Start testing: May 30 22:28 MSK
----------------------------------------------------------
1/2 Testing: CorrectTest
1/2 Test: CorrectTest
Command: "/home/alex/Projects/FileSorting/build/CorrectTest"
Directory: /home/alex/Projects/FileSorting/build
"CorrectTest" start time: May 30 22:28 MSK
Output:
----------------------------------------------------------
Let's start testing!!!
[==========] Running 3 tests from 3 test cases.
[----------] Global test environment set-up.
[----------] 1 test from SortingAlgTest
[ RUN      ] SortingAlgTest._30valuesTest
[       OK ] SortingAlgTest._30valuesTest (1 ms)
[----------] 1 test from SortingAlgTest (1 ms total)

[----------] 1 test from CorrectTest
[ RUN      ] CorrectTest.TestBySTLSort
[       OK ] CorrectTest.TestBySTLSort (12 ms)
[----------] 1 test from CorrectTest (12 ms total)

[----------] 1 test from MergingTest
[ RUN      ] MergingTest.FileMergingAlgTest
[       OK ] MergingTest.FileMergingAlgTest (0 ms)
[----------] 1 test from MergingTest (0 ms total)

[----------] Global test environment tear-down
[==========] 3 tests from 3 test cases ran. (13 ms total)
[  PASSED  ] 3 tests.
<end of output>
Test time =   0.01 sec
----------------------------------------------------------
Test Passed.
"CorrectTest" end time: May 30 22:28 MSK
"CorrectTest" time elapsed: 00:00:00
----------------------------------------------------------

2/2 Testing: PerformanceTest
2/2 Test: PerformanceTest
Command: "/home/alex/Projects/FileSorting/build/PerformanceTest"
Directory: /home/alex/Projects/FileSorting/build
"PerformanceTest" start time: May 30 22:28 MSK
Output:
----------------------------------------------------------
[==========] Running 2 tests from 1 test case.
[----------] Global test environment set-up.
[----------] 2 tests from PerformanceTest
[ RUN      ] PerformanceTest.timeOfFullWorking
Time of working is :
Initial file is fileForPerformanceTest
Sorted file will ba saved in: OutOfPerformanceTest
RAM limit is: 4
Splitting +---------Splitting ++--------Splitting +++-------Splitting ++++------Splitting +++++-----Splitting ++++++----Splitting +++++++---Splitting ++++++++--Splitting +++++++++-Splitting ++++++++++Splitting +---------Splitting ++--------Splitting +++-------Splitting ++++------Splitting +++++-----Splitting ++++++----Splitting +++++++---Splitting ++++++++--Splitting +++++++++-Splitting ++++++++++Splitting +---------Splitting ++--------Splitting +++-------Splitting ++++------Splitting +++++-----Splitting ++++++----Splitting +++++++---Splitting ++++++++--Splitting +++++++++-Splitting ++++++++++Splitting +---------Splitting ++--------Splitting +++-------Splitting ++++------Splitting +++++-----Splitting ++++++----Splitting +++++++---Splitting ++++++++--Splitting +++++++++-Splitting ++++++++++Splitting +---------Splitting ++--------Splitting +++-------Splitting ++++------Splitting +++++-----Splitting ++++++----Splitting +++++++---Splitting ++++++++--Splitting +++++++++-Splitting ++++++++++Splitting +---------Splitting ++--------Splitting +++-------Splitting ++++------Splitting +++++-----Splitting ++++++----Splitting +++++++---Splitting ++++++++--Splitting +++++++++-Splitting ++++++++++Splitting +---------Splitting ++--------Splitting +++-------Splitting ++++------Splitting +++++-----Splitting ++++++----=== Splitting done ===
Merging +---------Merging ++--------Merging +++-------Merging ++++------Merging +++++-----Merging ++++++----Merging +++++++---Merging ++++++++--Merging +++++++++-Merging ++++++++++Merging +---------Merging ++--------Merging +++-------Merging ++++------Merging +++++-----Merging ++++++----Merging +++++++---Merging ++++++++--Merging +++++++++-Merging ++++++++++Merging +---------Merging ++--------Merging +++-------Merging ++++------Merging +++++-----Merging ++++++----Merging +++++++---Merging ++++++++--Merging +++++++++-Merging ++++++++++Merging +---------Merging ++--------Merging +++-------Merging ++++------Merging +++++-----Merging ++++++----Merging +++++++---Merging ++++++++--Merging +++++++++-Merging ++++++++++Merging +---------Merging ++--------Merging +++-------Merging ++++------Merging +++++-----Merging ++++++----Merging +++++++---Merging ++++++++--Merging +++++++++-Merging ++++++++++Merging +---------Merging ++--------Merging +++-------Merging ++++------Merging +++++-----Merging ++++++----Merging +++++++---Merging ++++++++--Merging +++++++++-Merging ++++++++++Merging +---------Merging ++--------Merging +++-------Merging ++++------Merging +++++-----Merging ++++++----Merging +++++++---Merging ++++++++--Merging +++++++++-Merging ++++++++++Merging +---------Merging ++--------Merging +++-------Merging ++++------Merging +++++-----Merging ++++++----Merging +++++++---Merging ++++++++--Merging +++++++++-Merging ++++++++++Merging +---------Merging ++--------Merging +++-------Merging ++++------Merging +++++-----Merging ++++++----Merging +++++++---Merging ++++++++--Merging +++++++++-Merging ++++++++++Merging +---------Merging ++--------Merging +++-------Merging ++++------Merging +++++-----Merging ++++++----Merging +++++++---Merging ++++++++--Merging +++++++++-Merging ++++++++++Merging +---------Merging ++--------Merging +++-------Merging ++++------Merging +++++-----Merging ++++++----Merging +++++++---Merging ++++++++--Merging +++++++++-Merging ++++++++++Merging +---------Merging ++--------Merging +++-------Merging ++++------Merging +++++-----Merging ++++++----Merging +++++++---Merging ++++++++--Merging +++++++++-Merging ++++++++++Merging +---------Merging ++--------Merging +++-------Merging ++++------Merging +++++-----Merging ++++++----Merging +++++++---Merging ++++++++--Merging +++++++++-Merging ++++++++++Merging +---------Merging ++--------Merging +++-------Merging ++++------Merging +++++-----Merging ++++++----Merging +++++++---Merging ++++++++--Merging +++++++++-Merging ++++++++++Merging +---------Merging ++--------Merging +++-------Merging ++++------Merging +++++-----Merging ++++++----Merging +++++++---Merging ++++++++--Merging +++++++++-Merging ++++++++++Merging +---------Merging ++--------Merging +++-------Merging ++++------Merging +++++-----Merging ++++++----Merging +++++++---Merging ++++++++--Merging +++++++++-Merging ++++++++++Merging +---------Merging ++--------Merging +++-------Merging ++++------Merging +++++-----Merging ++++++----Merging +++++++---Merging ++++++++--Merging +++++++++-Merging ++++++++++Merging +---------Merging ++--------Merging +++-------Merging ++++------Merging +++++-----Merging ++++++----Merging +++++++---Merging ++++++++--Merging +++++++++-Merging ++++++++++Merging +---------=== Merging done ===
69.9355
[       OK ] PerformanceTest.timeOfFullWorking (69936 ms)
[ RUN      ] PerformanceTest.wrongPath
Time of working is :
Initial file is wrongfileForPerformanceTest
Sorted file will ba saved in: OutOfPerformanceTest
RAM limit is: 4
Error opening file! Maybe it doesn't exist anymore?
2.1403e-05
[       OK ] PerformanceTest.wrongPath (0 ms)
[----------] 2 tests from PerformanceTest (69936 ms total)

[----------] Global test environment tear-down
[==========] 2 tests from 1 test case ran. (69936 ms total)
[  PASSED  ] 2 tests.
<end of output>
Test time =  69.94 sec
----------------------------------------------------------
Test Passed.
"PerformanceTest" end time: May 30 22:29 MSK
"PerformanceTest" time elapsed: 00:01:09
----------------------------------------------------------

End testing: May 30 22:29 MSK
