Start testing: May 28 22:44 MSK
----------------------------------------------------------
1/1 Testing: CorrectTest
1/1 Test: CorrectTest
Command: "/home/alex/Projects/FileSorting/build/CorrectTest"
Directory: /home/alex/Projects/FileSorting/build
"CorrectTest" start time: May 28 22:44 MSK
Output:
----------------------------------------------------------
Let's start testing!!!
[==========] Running 1 test from 1 test case.
[----------] Global test environment set-up.
[----------] 1 test from CorrectTest
[ RUN      ] CorrectTest.SortingAlgTest
[       OK ] CorrectTest.SortingAlgTest (0 ms)
[----------] 1 test from CorrectTest (0 ms total)

[----------] Global test environment tear-down
[==========] 1 test from 1 test case ran. (0 ms total)
[  PASSED  ] 1 test.
<end of output>
Test time =   0.00 sec
----------------------------------------------------------
Test Passed.
"CorrectTest" end time: May 28 22:44 MSK
"CorrectTest" time elapsed: 00:00:00
----------------------------------------------------------

End testing: May 28 22:44 MSK
