Start testing: Jun 17 15:20 MSK
----------------------------------------------------------
1/2 Testing: CorrectTest
1/2 Test: CorrectTest
Command: "/home/alex/Projects/FileSorting/build/CorrectTest"
Directory: /home/alex/Projects/FileSorting/build
"CorrectTest" start time: Jun 17 15:20 MSK
Output:
----------------------------------------------------------
Let's start testing!!!
[==========] Running 3 tests from 3 test cases.
[----------] Global test environment set-up.
[----------] 1 test from SortingAlgTest
[ RUN      ] SortingAlgTest._30valuesTest
[       OK ] SortingAlgTest._30valuesTest (0 ms)
[----------] 1 test from SortingAlgTest (0 ms total)

[----------] 1 test from CorrectTest
[ RUN      ] CorrectTest.TestBySTLSort
[       OK ] CorrectTest.TestBySTLSort (26 ms)
[----------] 1 test from CorrectTest (26 ms total)

[----------] 1 test from MergingTest
[ RUN      ] MergingTest.FileMergingAlgTest
[       OK ] MergingTest.FileMergingAlgTest (22 ms)
[----------] 1 test from MergingTest (22 ms total)

[----------] Global test environment tear-down
[==========] 3 tests from 3 test cases ran. (48 ms total)
[  PASSED  ] 3 tests.
<end of output>
Test time =   0.22 sec
----------------------------------------------------------
Test Passed.
"CorrectTest" end time: Jun 17 15:20 MSK
"CorrectTest" time elapsed: 00:00:00
----------------------------------------------------------

2/2 Testing: PerformanceTest
2/2 Test: PerformanceTest
Command: "/home/alex/Projects/FileSorting/build/PerformanceTest"
Directory: /home/alex/Projects/FileSorting/build
"PerformanceTest" start time: Jun 17 15:20 MSK
Output:
----------------------------------------------------------
[==========] Running 2 tests from 1 test case.
[----------] Global test environment set-up.
[----------] 2 tests from PerformanceTest
[ RUN      ] PerformanceTest.timeOfFullWorking
Initial file is fileForPerformanceTest
Sorted file will ba saved in: OutOfPerformanceTest
RAM limit is: 4
Error opening file! Maybe it doesn't exist anymore?
Time of working is :4.1506e-05
[       OK ] PerformanceTest.timeOfFullWorking (0 ms)
[ RUN      ] PerformanceTest.wrongPath
Initial file is wrongfileForPerformanceTest
Sorted file will ba saved in: OutOfPerformanceTest
RAM limit is: 4
Error opening file! Maybe it doesn't exist anymore?
Time of working till error is :1.3057e-05
[       OK ] PerformanceTest.wrongPath (0 ms)
[----------] 2 tests from PerformanceTest (0 ms total)

[----------] Global test environment tear-down
[==========] 2 tests from 1 test case ran. (0 ms total)
[  PASSED  ] 2 tests.
<end of output>
Test time =   0.14 sec
----------------------------------------------------------
Test Passed.
"PerformanceTest" end time: Jun 17 15:20 MSK
"PerformanceTest" time elapsed: 00:00:00
----------------------------------------------------------

End testing: Jun 17 15:20 MSK
