Start testing: Jun 23 16:33 MSK
----------------------------------------------------------
1/2 Testing: PerformanceTest
1/2 Test: PerformanceTest
Command: "/home/alex/Projects/FileSorting/build/PerformanceTest"
Directory: /home/alex/Projects/FileSorting/build
"PerformanceTest" start time: Jun 23 16:33 MSK
Output:
----------------------------------------------------------
[==========] Running 2 tests from 1 test case.
[----------] Global test environment set-up.
[----------] 2 tests from PerformanceTest
[ RUN      ] PerformanceTest.timeOfFullWorking
Part №: 0           Part №: 1           Part №: 2           Part №: 3           Part №: 4           Part №: 5           Part №: 6           Part №: 7           Part №: 8           Part №: 9           Part №: 10            Part №: 11            Part №: 12            Part №: 13            Part №: 14            Part №: 15            Part №: 16            Number of files to merge: 17                            Number of files to merge: 9                           Number of files to merge: 5                           Number of files to merge: 3                           Number of files to merge: 2                           Merging done
DONE!
Time of working is :24.5948
[       OK ] PerformanceTest.timeOfFullWorking (24595 ms)
[ RUN      ] PerformanceTest.wrongPath

ERROR!
Time of working till error is :1.8836e-05
[       OK ] PerformanceTest.wrongPath (0 ms)
[----------] 2 tests from PerformanceTest (24595 ms total)

[----------] Global test environment tear-down
[==========] 2 tests from 1 test case ran. (24595 ms total)
[  PASSED  ] 2 tests.
<end of output>
Test time =  24.60 sec
----------------------------------------------------------
Test Passed.
"PerformanceTest" end time: Jun 23 16:34 MSK
"PerformanceTest" time elapsed: 00:00:24
----------------------------------------------------------

2/2 Testing: CorrectTest
2/2 Test: CorrectTest
Command: "/home/alex/Projects/FileSorting/build/CorrectTest"
Directory: /home/alex/Projects/FileSorting/build
"CorrectTest" start time: Jun 23 16:34 MSK
Output:
----------------------------------------------------------
Let's start testing!!!
[==========] Running 1 test from 1 test case.
[----------] Global test environment set-up.
[----------] 1 test from CorrectTest
[ RUN      ] CorrectTest.TestOfSortingFile
[       OK ] CorrectTest.TestOfSortingFile (1550 ms)
[----------] 1 test from CorrectTest (1550 ms total)

[----------] Global test environment tear-down
[==========] 1 test from 1 test case ran. (1551 ms total)
[  PASSED  ] 1 test.
<end of output>
Test time =   1.55 sec
----------------------------------------------------------
Test Passed.
"CorrectTest" end time: Jun 23 16:34 MSK
"CorrectTest" time elapsed: 00:00:01
----------------------------------------------------------

End testing: Jun 23 16:34 MSK
