Start testing: Jun 21 23:17 MSK
----------------------------------------------------------
1/2 Testing: CorrectTest
1/2 Test: CorrectTest
Command: "/home/alex/Projects/FileSorting/build/CorrectTest"
Directory: /home/alex/Projects/FileSorting/build
"CorrectTest" start time: Jun 21 23:17 MSK
Output:
----------------------------------------------------------
Let's start testing!!!
[==========] Running 1 test from 1 test case.
[----------] Global test environment set-up.
[----------] 1 test from CorrectTest
[ RUN      ] CorrectTest.TestOfSortingFile
/home/alex/Projects/FileSorting/Tests/CorrectTest.cpp:24: Failure
Value of: false
  Actual: false
Expected: true
[  FAILED  ] CorrectTest.TestOfSortingFile (0 ms)
[----------] 1 test from CorrectTest (0 ms total)

[----------] Global test environment tear-down
[==========] 1 test from 1 test case ran. (0 ms total)
[  PASSED  ] 0 tests.
[  FAILED  ] 1 test, listed below:
[  FAILED  ] CorrectTest.TestOfSortingFile

 1 FAILED TEST
<end of output>
Test time =   0.00 sec
----------------------------------------------------------
Test Failed.
"CorrectTest" end time: Jun 21 23:17 MSK
"CorrectTest" time elapsed: 00:00:00
----------------------------------------------------------

2/2 Testing: PerformanceTest
2/2 Test: PerformanceTest
Command: "/home/alex/Projects/FileSorting/build/PerformanceTest"
Directory: /home/alex/Projects/FileSorting/build
"PerformanceTest" start time: Jun 21 23:17 MSK
Output:
----------------------------------------------------------
[==========] Running 0 tests from 0 test cases.
[==========] 0 tests from 0 test cases ran. (0 ms total)
[  PASSED  ] 0 tests.
<end of output>
Test time =   0.00 sec
----------------------------------------------------------
Test Passed.
"PerformanceTest" end time: Jun 21 23:17 MSK
"PerformanceTest" time elapsed: 00:00:00
----------------------------------------------------------

End testing: Jun 21 23:17 MSK
